SF:lib\bloc\todo_state.dart
DA:4,1
DA:6,1
DA:7,1
DA:18,1
DA:21,1
DA:22,3
DA:28,0
DA:30,0
DA:31,0
LF:9
LH:6
end_of_record
SF:lib\bloc\todo_event.dart
DA:4,2
DA:6,0
DA:7,0
DA:15,1
DA:16,0
DA:17,0
DA:22,1
DA:27,0
DA:32,1
DA:39,1
LF:10
LH:5
end_of_record
SF:lib\bloc\todo_bloc.dart
DA:17,3
DA:18,2
DA:19,2
DA:20,2
DA:21,2
DA:22,2
DA:23,2
DA:26,1
DA:27,2
DA:28,3
DA:30,5
DA:31,1
DA:34,5
DA:35,5
DA:37,1
DA:38,0
DA:40,2
DA:45,1
DA:48,4
DA:50,2
DA:54,1
DA:57,2
DA:58,2
DA:59,2
DA:61,0
DA:63,1
DA:67,1
DA:70,2
DA:71,4
DA:73,2
DA:75,2
DA:79,1
DA:82,2
DA:83,4
DA:84,2
DA:86,1
DA:90,0
DA:92,0
DA:93,0
DA:95,0
DA:96,0
DA:99,0
DA:100,0
DA:101,0
DA:102,0
DA:104,0
LF:46
LH:34
end_of_record
SF:lib\constants\app_constants.dart
DA:6,3
DA:7,1
DA:8,4
LF:3
LH:3
end_of_record
SF:lib\model\task.dart
DA:52,2
DA:62,1
DA:71,1
DA:72,1
DA:73,0
DA:74,1
DA:75,1
DA:76,1
DA:77,0
DA:78,1
DA:82,0
DA:83,0
DA:84,0
DA:85,0
DA:86,0
DA:87,0
DA:88,0
DA:89,0
DA:90,0
DA:94,0
DA:95,0
DA:96,0
DA:97,0
DA:98,0
DA:99,0
DA:100,0
DA:101,0
DA:102,0
DA:106,0
DA:108,0
DA:110,1
DA:112,8
DA:115,2
DA:119,1
DA:120,3
DA:121,3
DA:122,3
DA:123,3
DA:124,3
DA:125,3
DA:126,3
DA:129,0
DA:131,0
DA:132,0
DA:133,0
DA:134,0
DA:135,0
DA:136,0
DA:137,0
LF:49
LH:19
end_of_record
SF:lib\route.dart
DA:10,0
DA:12,0
DA:13,0
DA:17,1
DA:18,2
DA:19,0
DA:23,0
DA:24,0
DA:25,0
DA:26,0
DA:27,0
DA:30,0
DA:31,0
DA:32,0
DA:33,0
DA:34,0
DA:35,0
DA:38,0
DA:39,0
DA:40,0
DA:46,0
DA:47,0
DA:48,0
DA:49,0
DA:54,0
DA:56,0
DA:57,0
DA:60,0
LF:28
LH:2
end_of_record
SF:lib\pages\create_task_screen.dart
DA:10,3
DA:12,0
DA:13,0
DA:21,0
DA:23,0
DA:24,0
DA:26,0
DA:27,0
DA:28,0
DA:30,0
DA:32,0
DA:33,0
DA:34,0
DA:41,0
DA:43,0
DA:44,0
DA:45,0
DA:47,0
DA:48,0
DA:52,0
DA:53,0
DA:54,0
DA:55,0
DA:67,0
DA:71,0
DA:72,0
DA:73,0
DA:74,0
DA:88,0
DA:90,0
DA:91,0
DA:92,0
DA:93,0
DA:100,0
DA:101,0
DA:102,0
DA:103,0
DA:104,0
DA:105,0
DA:107,0
DA:111,0
LF:41
LH:1
end_of_record
SF:lib\pages\edit_task_screen.dart
DA:11,0
DA:13,0
DA:14,0
DA:19,0
DA:21,0
DA:22,0
DA:24,0
DA:26,0
DA:28,0
DA:29,0
DA:30,0
DA:32,0
DA:35,0
DA:36,0
DA:37,0
DA:43,0
DA:44,0
DA:45,0
DA:47,0
DA:48,0
DA:50,0
DA:60,0
DA:62,0
DA:63,0
DA:64,0
DA:66,0
DA:67,0
DA:71,0
DA:73,0
DA:74,0
DA:86,0
DA:90,0
DA:93,0
DA:94,0
DA:107,0
DA:109,0
DA:110,0
DA:111,0
DA:118,0
DA:119,0
DA:120,0
DA:121,0
DA:122,0
DA:124,0
DA:125,0
LF:45
LH:0
end_of_record
SF:lib\pages\home_screen.dart
DA:10,4
DA:12,0
DA:13,0
DA:18,0
DA:20,0
DA:21,0
DA:22,0
DA:26,0
DA:28,0
DA:29,0
DA:30,0
DA:32,0
DA:33,0
DA:34,0
DA:36,0
DA:40,0
DA:41,0
DA:42,0
DA:43,0
DA:44,0
DA:47,0
DA:48,0
DA:49,0
DA:50,0
DA:53,0
DA:54,0
DA:55,0
DA:56,0
DA:57,0
DA:58,0
DA:59,0
DA:61,0
DA:62,0
DA:63,0
DA:64,0
DA:66,0
DA:67,0
DA:68,0
DA:69,0
DA:70,0
DA:72,0
DA:73,0
DA:74,0
DA:75,0
DA:80,0
DA:81,0
DA:92,0
DA:93,0
DA:100,0
DA:101,0
DA:103,0
DA:106,0
DA:107,0
DA:109,0
DA:110,0
DA:113,0
DA:115,0
DA:116,0
LF:58
LH:1
end_of_record
SF:lib\widgets\todo_list_tile.dart
DA:12,0
DA:17,0
DA:19,0
DA:20,0
DA:26,0
DA:28,0
DA:29,0
DA:31,0
DA:34,0
DA:36,0
DA:37,0
DA:39,0
DA:42,0
DA:43,0
DA:44,0
DA:45,0
DA:46,0
DA:47,0
DA:48,0
DA:51,0
DA:53,0
DA:54,0
DA:57,0
DA:59,0
DA:65,0
DA:66,0
DA:67,0
DA:75,0
DA:78,0
DA:79,0
DA:80,0
DA:81,0
DA:82,0
DA:83,0
DA:91,0
DA:92,0
DA:93,0
DA:94,0
DA:95,0
DA:102,0
DA:103,0
DA:104,0
DA:105,0
DA:108,0
DA:109,0
DA:110,0
DA:113,0
DA:115,0
DA:121,0
DA:122,0
DA:123,0
DA:124,0
DA:125,0
DA:130,0
DA:133,0
DA:134,0
DA:135,0
DA:136,0
DA:137,0
DA:148,0
DA:149,0
DA:150,0
DA:151,0
DA:166,0
DA:168,0
DA:173,0
DA:175,0
DA:176,0
DA:178,0
DA:179,0
DA:180,0
DA:181,0
DA:182,0
DA:184,0
DA:185,0
DA:186,0
DA:187,0
DA:189,0
DA:190,0
DA:191,0
DA:198,0
DA:199,0
DA:211,3
DA:213,0
DA:214,0
DA:221,0
DA:223,0
DA:224,0
DA:225,0
DA:226,0
DA:229,0
DA:231,0
DA:232,0
DA:235,0
DA:237,0
DA:238,0
DA:239,0
DA:244,0
DA:245,0
LF:99
LH:1
end_of_record
SF:lib\data\repository.dart
DA:13,0
DA:14,0
DA:15,0
DA:17,0
DA:23,0
DA:24,0
DA:25,0
DA:26,0
DA:30,0
DA:32,0
DA:37,0
DA:41,0
DA:42,0
DA:43,0
DA:44,0
DA:45,0
DA:46,0
DA:47,0
DA:50,0
DA:54,0
DA:55,0
DA:58,0
LF:22
LH:0
end_of_record
SF:lib\config\graphql_config.dart
DA:8,0
DA:9,0
DA:10,0
DA:15,0
DA:21,0
DA:22,0
DA:24,0
DA:25,0
DA:29,0
DA:30,0
DA:31,0
DA:33,0
DA:36,0
DA:37,0
DA:41,0
DA:42,0
DA:44,0
DA:45,0
DA:49,0
DA:50,0
DA:51,0
DA:52,0
DA:54,0
DA:57,0
LF:24
LH:0
end_of_record
SF:lib\main.dart
DA:12,0
DA:13,0
DA:14,0
DA:15,0
DA:17,0
DA:18,0
DA:24,1
DA:26,0
DA:28,0
DA:30,0
DA:33,0
LF:11
LH:1
end_of_record
SF:lib\constants\app_theme.dart
DA:5,0
LF:1
LH:0
end_of_record
